Flow report for pwm_top
Thu Apr 23 02:57:36 2015
Quartus II Version 11.0 Build 157 04/27/2011 SJ Web Edition


---------------------
; Table of Contents ;
---------------------
  1. Legal Notice
  2. Flow Summary
  3. Flow Settings
  4. Flow Non-Default Global Settings
  5. Flow Elapsed Time
  6. Flow OS Summary
  7. Flow Log



----------------
; Legal Notice ;
----------------
Copyright (C) 1991-2011 Altera Corporation
Your use of Altera Corporation's design tools, logic functions 
and other software and tools, and its AMPP partner logic 
functions, and any output files from any of the foregoing 
(including device programming or simulation files), and any 
associated documentation or information are expressly subject 
to the terms and conditions of the Altera Program License 
Subscription Agreement, Altera MegaCore Function License 
Agreement, or other applicable license agreement, including, 
without limitation, that your use is for the sole purpose of 
programming logic devices manufactured by Altera and sold by 
Altera or its authorized distributors.  Please refer to the 
applicable agreement for further details.



+-------------------------------------------------------------------------------+
; Flow Summary                                                                  ;
+------------------------------------+------------------------------------------+
; Flow Status                        ; Successful - Thu Apr 23 02:57:36 2015    ;
; Quartus II Version                 ; 11.0 Build 157 04/27/2011 SJ Web Edition ;
; Revision Name                      ; pwm_top                                  ;
; Top-level Entity Name              ; pwm_top                                  ;
; Family                             ; Cyclone II                               ;
; Device                             ; EP2C70F896C6                             ;
; Timing Models                      ; Final                                    ;
; Total logic elements               ; 52 / 68,416 ( < 1 % )                    ;
;     Total combinational functions  ; 52 / 68,416 ( < 1 % )                    ;
;     Dedicated logic registers      ; 22 / 68,416 ( < 1 % )                    ;
; Total registers                    ; 22                                       ;
; Total pins                         ; 20 / 622 ( 3 % )                         ;
; Total virtual pins                 ; 0                                        ;
; Total memory bits                  ; 0 / 1,152,000 ( 0 % )                    ;
; Embedded Multiplier 9-bit elements ; 0 / 300 ( 0 % )                          ;
; Total PLLs                         ; 0 / 4 ( 0 % )                            ;
+------------------------------------+------------------------------------------+


+-----------------------------------------+
; Flow Settings                           ;
+-------------------+---------------------+
; Option            ; Setting             ;
+-------------------+---------------------+
; Start date & time ; 04/23/2015 02:57:03 ;
; Main task         ; Compilation         ;
; Revision Name     ; pwm_top             ;
+-------------------+---------------------+


+------------------------------------------------------------------------------------------------------------------+
; Flow Non-Default Global Settings                                                                                 ;
+-------------------------------------+---------------------------------+---------------+-------------+------------+
; Assignment Name                     ; Value                           ; Default Value ; Entity Name ; Section Id ;
+-------------------------------------+---------------------------------+---------------+-------------+------------+
; COMPILER_SIGNATURE_ID               ; 127746967322630.142974702237504 ; --            ; --          ; --         ;
; MAX_CORE_JUNCTION_TEMP              ; 85                              ; --            ; --          ; --         ;
; MIN_CORE_JUNCTION_TEMP              ; 0                               ; --            ; --          ; --         ;
; PARTITION_COLOR                     ; 16764057                        ; --            ; --          ; Top        ;
; PARTITION_FITTER_PRESERVATION_LEVEL ; PLACEMENT_AND_ROUTING           ; --            ; --          ; Top        ;
; PARTITION_NETLIST_TYPE              ; SOURCE                          ; --            ; --          ; Top        ;
+-------------------------------------+---------------------------------+---------------+-------------+------------+


+-------------------------------------------------------------------------------------------------------------------------------+
; Flow Elapsed Time                                                                                                             ;
+---------------------------+--------------+-------------------------+---------------------+------------------------------------+
; Module Name               ; Elapsed Time ; Average Processors Used ; Peak Virtual Memory ; Total CPU Time (on all processors) ;
+---------------------------+--------------+-------------------------+---------------------+------------------------------------+
; Analysis & Synthesis      ; 00:00:04     ; 1.0                     ; 293 MB              ; 00:00:03                           ;
; Fitter                    ; 00:00:17     ; 1.0                     ; 449 MB              ; 00:00:17                           ;
; TimeQuest Timing Analyzer ; 00:00:07     ; 1.0                     ; 302 MB              ; 00:00:05                           ;
; Assembler                 ; 00:00:10     ; 1.0                     ; 391 MB              ; 00:00:09                           ;
; Total                     ; 00:00:38     ; --                      ; --                  ; 00:00:34                           ;
+---------------------------+--------------+-------------------------+---------------------+------------------------------------+


+----------------------------------------------------------------------------------------+
; Flow OS Summary                                                                        ;
+---------------------------+------------------+-----------+------------+----------------+
; Module Name               ; Machine Hostname ; OS Name   ; OS Version ; Processor type ;
+---------------------------+------------------+-----------+------------+----------------+
; Analysis & Synthesis      ; asus-Bilgisayar  ; Windows 7 ; 6.1        ; x86_64         ;
; Fitter                    ; asus-Bilgisayar  ; Windows 7 ; 6.1        ; x86_64         ;
; TimeQuest Timing Analyzer ; asus-Bilgisayar  ; Windows 7 ; 6.1        ; x86_64         ;
; Assembler                 ; asus-Bilgisayar  ; Windows 7 ; 6.1        ; x86_64         ;
+---------------------------+------------------+-----------+------------+----------------+


------------
; Flow Log ;
------------
quartus_map --read_settings_files=on --write_settings_files=off pwm_top -c pwm_top
quartus_fit --read_settings_files=off --write_settings_files=off pwm_top -c pwm_top
quartus_sta pwm_top -c pwm_top
quartus_asm --read_settings_files=off --write_settings_files=off pwm_top -c pwm_top



